This file contains any messages produced by compilers while
running configure, to aid debugging if configure makes a mistake.

It was created by fftw configure 3.3.8, which was
generated by GNU Autoconf 2.69.  Invocation command line was

  $ ./configure --prefix=/home/manmeet/Documents/python_class/gfstonc_sfcnew_ini/lib --enable-openmp --enable-shared --enable-avx i

## --------- ##
## Platform. ##
## --------- ##

hostname = manmeet
uname -m = x86_64
uname -r = 4.15.0-74-generic
uname -s = Linux
uname -v = #83~16.04.1-Ubuntu SMP Wed Dec 18 04:56:23 UTC 2019

/usr/bin/uname -p = unknown
/bin/uname -X     = unknown

/bin/arch              = unknown
/usr/bin/arch -k       = unknown
/usr/convex/getsysinfo = unknown
/usr/bin/hostinfo      = unknown
/bin/machine           = unknown
/usr/bin/oslevel       = unknown
/bin/universe          = unknown

PATH: /home/manmeet/anaconda3/envs/regrid/bin
PATH: /home/manmeet/anaconda3/envs/gfstonc/bin
PATH: /home/manmeet/bin
PATH: /home/manmeet/.local/bin
PATH: /opt/intel/compilers_and_libraries_2020.0.166/linux/bin/intel64
PATH: /opt/intel/compilers_and_libraries_2020.0.166/linux/bin
PATH: /opt/intel/compilers_and_libraries_2020.0.166/linux/mpi/intel64/libfabric/bin
PATH: /opt/intel/compilers_and_libraries_2020.0.166/linux/mpi/intel64/bin
PATH: /opt/intel/debugger_2020/gdb/intel64/bin
PATH: /usr/local/esmf/bin/binO3/Linux.gfortran.64.mpiuni.default
PATH: /home/manmeet/google-cloud-sdk/bin
PATH: /home/manmeet/Documents/reik/pyunicorn/pyunicorn/timeseries
PATH: /home/manmeet/anaconda3/bin
PATH: /usr/local/sbin
PATH: /usr/local/bin
PATH: /usr/sbin
PATH: /usr/bin
PATH: /sbin
PATH: /bin
PATH: /usr/games
PATH: /usr/local/games
PATH: /snap/bin
PATH: /usr/local/cuda/bin


## ----------- ##
## Core tests. ##
## ----------- ##

configure:2878: checking for a BSD-compatible install
configure:2946: result: /usr/bin/install -c
configure:2957: checking whether build environment is sane
configure:3012: result: yes
configure:3163: checking for a thread-safe mkdir -p
configure:3202: result: /bin/mkdir -p
configure:3209: checking for gawk
configure:3239: result: no
configure:3209: checking for mawk
configure:3225: found /usr/bin/mawk
configure:3236: result: mawk
configure:3247: checking whether make sets $(MAKE)
configure:3269: result: yes
configure:3298: checking whether make supports nested variables
configure:3315: result: yes
configure:3445: checking whether to enable maintainer-specific portions of Makefiles
configure:3454: result: no
configure:3502: checking build system type
configure:3513: error: /bin/bash ./config.sub i failed

## ---------------- ##
## Cache variables. ##
## ---------------- ##

ac_cv_build=
ac_cv_env_CC_set=set
ac_cv_env_CC_value=gcc
ac_cv_env_CFLAGS_set=
ac_cv_env_CFLAGS_value=
ac_cv_env_CPPFLAGS_set=
ac_cv_env_CPPFLAGS_value=
ac_cv_env_CPP_set=
ac_cv_env_CPP_value=
ac_cv_env_F77_set=
ac_cv_env_F77_value=
ac_cv_env_FFLAGS_set=
ac_cv_env_FFLAGS_value=
ac_cv_env_LDFLAGS_set=
ac_cv_env_LDFLAGS_value=
ac_cv_env_LIBS_set=
ac_cv_env_LIBS_value=
ac_cv_env_LT_SYS_LIBRARY_PATH_set=
ac_cv_env_LT_SYS_LIBRARY_PATH_value=
ac_cv_env_MPICC_set=
ac_cv_env_MPICC_value=
ac_cv_env_build_alias_set=set
ac_cv_env_build_alias_value=i
ac_cv_env_host_alias_set=set
ac_cv_env_host_alias_value=i
ac_cv_env_target_alias_set=set
ac_cv_env_target_alias_value=i
ac_cv_path_install='/usr/bin/install -c'
ac_cv_path_mkdir=/bin/mkdir
ac_cv_prog_AWK=mawk
ac_cv_prog_make_make_set=yes
am_cv_make_support_nested_variables=yes

## ----------------- ##
## Output variables. ##
## ----------------- ##

ACLOCAL='${SHELL} /home/manmeet/Documents/python_class/gfstonc_sfcnew_ini/lib/src/fftw-3.3.8/missing aclocal-1.15'
ALLOCA=''
ALTIVEC_CFLAGS=''
AMDEPBACKSLASH=''
AMDEP_FALSE=''
AMDEP_TRUE=''
AMTAR='$${TAR-tar}'
AM_BACKSLASH='\'
AM_DEFAULT_V='$(AM_DEFAULT_VERBOSITY)'
AM_DEFAULT_VERBOSITY='1'
AM_V='$(V)'
AR=''
AS=''
AUTOCONF='${SHELL} /home/manmeet/Documents/python_class/gfstonc_sfcnew_ini/lib/src/fftw-3.3.8/missing autoconf'
AUTOHEADER='${SHELL} /home/manmeet/Documents/python_class/gfstonc_sfcnew_ini/lib/src/fftw-3.3.8/missing autoheader'
AUTOMAKE='${SHELL} /home/manmeet/Documents/python_class/gfstonc_sfcnew_ini/lib/src/fftw-3.3.8/missing automake-1.15'
AVX2_CFLAGS=''
AVX512_CFLAGS=''
AVX_128_FMA_CFLAGS=''
AVX_CFLAGS=''
AWK='mawk'
BUILD_DOC_FALSE=''
BUILD_DOC_TRUE=''
CC='gcc'
CCDEPMODE=''
CFLAGS=''
CHECK_PL_OPTS=''
COMBINED_THREADS_FALSE=''
COMBINED_THREADS_TRUE=''
CPP=''
CPPFLAGS=''
CYGPATH_W='echo'
C_FFTW_R2R_KIND=''
C_MPI_FINT=''
DEFS=''
DEPDIR=''
DLLTOOL=''
DSYMUTIL=''
DUMPBIN=''
ECHO_C=''
ECHO_N='-n'
ECHO_T=''
EGREP=''
EXEEXT=''
F77=''
FFLAGS=''
FGREP=''
FLIBS=''
GREP=''
HAVE_ALTIVEC_FALSE=''
HAVE_ALTIVEC_TRUE=''
HAVE_AVX2_FALSE=''
HAVE_AVX2_TRUE=''
HAVE_AVX512_FALSE=''
HAVE_AVX512_TRUE=''
HAVE_AVX_128_FMA_FALSE=''
HAVE_AVX_128_FMA_TRUE=''
HAVE_AVX_FALSE=''
HAVE_AVX_TRUE=''
HAVE_GENERIC_SIMD128_FALSE=''
HAVE_GENERIC_SIMD128_TRUE=''
HAVE_GENERIC_SIMD256_FALSE=''
HAVE_GENERIC_SIMD256_TRUE=''
HAVE_KCVI_FALSE=''
HAVE_KCVI_TRUE=''
HAVE_NEON_FALSE=''
HAVE_NEON_TRUE=''
HAVE_SSE2_FALSE=''
HAVE_SSE2_TRUE=''
HAVE_VSX_FALSE=''
HAVE_VSX_TRUE=''
INDENT=''
INSTALL_DATA='${INSTALL} -m 644'
INSTALL_PROGRAM='${INSTALL}'
INSTALL_SCRIPT='${INSTALL}'
INSTALL_STRIP_PROGRAM='$(install_sh) -c -s'
KCVI_CFLAGS=''
LD=''
LDFLAGS=''
LDOUBLE_FALSE=''
LDOUBLE_TRUE=''
LIBOBJS=''
LIBQUADMATH=''
LIBS=''
LIBTOOL=''
LIPO=''
LN_S=''
LTLIBOBJS=''
LT_SYS_LIBRARY_PATH=''
MAINT='#'
MAINTAINER_MODE_FALSE=''
MAINTAINER_MODE_TRUE='#'
MAKEINFO='${SHELL} /home/manmeet/Documents/python_class/gfstonc_sfcnew_ini/lib/src/fftw-3.3.8/missing makeinfo'
MANIFEST_TOOL=''
MKDIR_P='/bin/mkdir -p'
MPICC=''
MPILIBS=''
MPIRUN=''
MPI_FALSE=''
MPI_TRUE=''
NEON_CFLAGS=''
NM=''
NMEDIT=''
OBJDUMP=''
OBJEXT=''
OCAMLBUILD=''
OPENMP_CFLAGS=''
OPENMP_FALSE=''
OPENMP_TRUE=''
OTOOL64=''
OTOOL=''
PACKAGE='fftw'
PACKAGE_BUGREPORT='fftw@fftw.org'
PACKAGE_NAME='fftw'
PACKAGE_STRING='fftw 3.3.8'
PACKAGE_TARNAME='fftw'
PACKAGE_URL=''
PACKAGE_VERSION='3.3.8'
PATH_SEPARATOR=':'
POW_LIB=''
PRECISION=''
PREC_SUFFIX=''
PTHREAD_CC=''
PTHREAD_CFLAGS=''
PTHREAD_LIBS=''
QUAD_FALSE=''
QUAD_TRUE=''
RANLIB=''
SED=''
SET_MAKE=''
SHARED_VERSION_INFO='8:8:5'
SHELL='/bin/bash'
SINGLE_FALSE=''
SINGLE_TRUE=''
SMP_FALSE=''
SMP_TRUE=''
SSE2_CFLAGS=''
STACK_ALIGN_CFLAGS=''
STRIP=''
THREADLIBS=''
THREADS_FALSE=''
THREADS_TRUE=''
VERSION='3.3.8'
VSX_CFLAGS=''
ac_ct_AR=''
ac_ct_CC=''
ac_ct_DUMPBIN=''
ac_ct_F77=''
acx_pthread_config=''
am__EXEEXT_FALSE=''
am__EXEEXT_TRUE=''
am__fastdepCC_FALSE=''
am__fastdepCC_TRUE=''
am__include=''
am__isrc=''
am__leading_dot='.'
am__nodep=''
am__quote=''
am__tar='$${TAR-tar} chof - "$$tardir"'
am__untar='$${TAR-tar} xf -'
bindir='${exec_prefix}/bin'
build='i'
build_alias='i'
build_cpu=''
build_os=''
build_vendor=''
datadir='${datarootdir}'
datarootdir='${prefix}/share'
docdir='${datarootdir}/doc/${PACKAGE_TARNAME}'
dvidir='${docdir}'
exec_prefix='NONE'
host='i'
host_alias='i'
host_cpu=''
host_os=''
host_vendor=''
htmldir='${docdir}'
includedir='${prefix}/include'
infodir='${datarootdir}/info'
install_sh='${SHELL} /home/manmeet/Documents/python_class/gfstonc_sfcnew_ini/lib/src/fftw-3.3.8/install-sh'
libdir='${exec_prefix}/lib'
libexecdir='${exec_prefix}/libexec'
localedir='${datarootdir}/locale'
localstatedir='${prefix}/var'
mandir='${datarootdir}/man'
mkdir_p='$(MKDIR_P)'
oldincludedir='/usr/include'
pdfdir='${docdir}'
prefix='/home/manmeet/Documents/python_class/gfstonc_sfcnew_ini/lib'
program_transform_name='s,x,x,'
psdir='${docdir}'
runstatedir='${localstatedir}/run'
sbindir='${exec_prefix}/sbin'
sharedstatedir='${prefix}/com'
sysconfdir='${prefix}/etc'
target_alias='i'

## ----------- ##
## confdefs.h. ##
## ----------- ##

/* confdefs.h */
#define PACKAGE_NAME "fftw"
#define PACKAGE_TARNAME "fftw"
#define PACKAGE_VERSION "3.3.8"
#define PACKAGE_STRING "fftw 3.3.8"
#define PACKAGE_BUGREPORT "fftw@fftw.org"
#define PACKAGE_URL ""
#define PACKAGE "fftw"
#define VERSION "3.3.8"

configure: exit 1
